\BOOKMARK [1][-]{section.1}{Introduction}{}% 1
\BOOKMARK [2][-]{subsection.1.1}{Objective of the Study}{section.1}% 2
\BOOKMARK [2][-]{subsection.1.2}{Data Description}{section.1}% 3
\BOOKMARK [1][-]{section.2}{Methodology}{}% 4
\BOOKMARK [2][-]{subsection.2.1}{Multivariate Regression}{section.2}% 5
\BOOKMARK [2][-]{subsection.2.2}{Two Stage Analysis}{section.2}% 6
\BOOKMARK [2][-]{subsection.2.3}{Linear Mixed Model}{section.2}% 7
\BOOKMARK [2][-]{subsection.2.4}{Softwares}{section.2}% 8
\BOOKMARK [1][-]{section.3}{Results \046 Discussion}{}% 9
\BOOKMARK [2][-]{subsection.3.1}{Exploratory Analysis}{section.3}% 10
\BOOKMARK [3][-]{subsubsection.3.1.1}{Individual Profile}{subsection.3.1}% 11
\BOOKMARK [3][-]{subsubsection.3.1.2}{Mean Structure}{subsection.3.1}% 12
\BOOKMARK [3][-]{subsubsection.3.1.3}{Variance Structure}{subsection.3.1}% 13
\BOOKMARK [3][-]{subsubsection.3.1.4}{Correlation Structure}{subsection.3.1}% 14
\BOOKMARK [3][-]{subsubsection.3.1.5}{Subject Specific Regression}{subsection.3.1}% 15
\BOOKMARK [2][-]{subsection.3.2}{Multivariate Regression}{section.3}% 16
\BOOKMARK [2][-]{subsection.3.3}{2 Stage Analysis}{section.3}% 17
\BOOKMARK [2][-]{subsection.3.4}{Linear Mixed Model}{section.3}% 18
\BOOKMARK [3][-]{subsubsection.3.4.1}{Comparison Between Methods}{subsection.3.4}% 19
\BOOKMARK [1][-]{section.4}{Conclusions}{}% 20
\BOOKMARK [2][-]{subsection.4.1}{SAS \046 R Codes}{section.4}% 21
